<?xml version="1.0" encoding="UTF-8"?>
<testsuite name="com.kcb.web.controller.Board2ControllerTest" tests="1" skipped="0" failures="0" errors="0" timestamp="2017-12-15T00:58:31" hostname="VI117012-001" time="0.064">
  <properties/>
  <testcase name="board_list" classname="com.kcb.web.controller.Board2ControllerTest" time="0.064"/>
  <system-out><![CDATA[09:58:24.203 [Test worker] DEBUG org.springframework.test.context.junit4.SpringJUnit4ClassRunner - SpringJUnit4ClassRunner constructor called with [class com.kcb.web.controller.Board2ControllerTest]
09:58:24.214 [Test worker] DEBUG org.springframework.test.context.BootstrapUtils - Instantiating CacheAwareContextLoaderDelegate from class [org.springframework.test.context.cache.DefaultCacheAwareContextLoaderDelegate]
09:58:24.229 [Test worker] DEBUG org.springframework.test.context.BootstrapUtils - Instantiating BootstrapContext using constructor [public org.springframework.test.context.support.DefaultBootstrapContext(java.lang.Class,org.springframework.test.context.CacheAwareContextLoaderDelegate)]
09:58:24.275 [Test worker] DEBUG org.springframework.test.context.BootstrapUtils - Instantiating TestContextBootstrapper for test class [com.kcb.web.controller.Board2ControllerTest] from class [org.springframework.boot.test.context.SpringBootTestContextBootstrapper]
09:58:24.305 [Test worker] INFO org.springframework.boot.test.context.SpringBootTestContextBootstrapper - Neither @ContextConfiguration nor @ContextHierarchy found for test class [com.kcb.web.controller.Board2ControllerTest], using SpringBootContextLoader
09:58:24.313 [Test worker] DEBUG org.springframework.test.context.support.AbstractContextLoader - Did not detect default resource location for test class [com.kcb.web.controller.Board2ControllerTest]: class path resource [com/kcb/web/controller/Board2ControllerTest-context.xml] does not exist
09:58:24.314 [Test worker] DEBUG org.springframework.test.context.support.AbstractContextLoader - Did not detect default resource location for test class [com.kcb.web.controller.Board2ControllerTest]: class path resource [com/kcb/web/controller/Board2ControllerTestContext.groovy] does not exist
09:58:24.314 [Test worker] INFO org.springframework.test.context.support.AbstractContextLoader - Could not detect default resource locations for test class [com.kcb.web.controller.Board2ControllerTest]: no resource found for suffixes {-context.xml, Context.groovy}.
09:58:24.316 [Test worker] INFO org.springframework.test.context.support.AnnotationConfigContextLoaderUtils - Could not detect default configuration classes for test class [com.kcb.web.controller.Board2ControllerTest]: Board2ControllerTest does not declare any static, non-private, non-final, nested classes annotated with @Configuration.
09:58:24.427 [Test worker] DEBUG org.springframework.test.context.support.ActiveProfilesUtils - Could not find an 'annotation declaring class' for annotation type [org.springframework.test.context.ActiveProfiles] and class [com.kcb.web.controller.Board2ControllerTest]
09:58:24.448 [Test worker] DEBUG org.springframework.core.env.StandardEnvironment - Adding [systemProperties] PropertySource with lowest search precedence
09:58:24.449 [Test worker] DEBUG org.springframework.core.env.StandardEnvironment - Adding [systemEnvironment] PropertySource with lowest search precedence
09:58:24.449 [Test worker] DEBUG org.springframework.core.env.StandardEnvironment - Initialized StandardEnvironment with PropertySources [systemProperties,systemEnvironment]
09:58:24.473 [Test worker] DEBUG org.springframework.core.io.support.PathMatchingResourcePatternResolver - Resolved classpath location [com/kcb/web/controller/] to resources [URL [file:/C:/DEV-Studio/workSpaces/gradle-multi/gradle-multi-web/build/classes/test/com/kcb/web/controller/], URL [file:/C:/DEV-Studio/workSpaces/gradle-multi/gradle-multi-web/build/classes/main/com/kcb/web/controller/]]
09:58:24.475 [Test worker] DEBUG org.springframework.core.io.support.PathMatchingResourcePatternResolver - Looking for matching resources in directory tree [C:\DEV-Studio\workSpaces\gradle-multi\gradle-multi-web\build\classes\test\com\kcb\web\controller]
09:58:24.475 [Test worker] DEBUG org.springframework.core.io.support.PathMatchingResourcePatternResolver - Searching directory [C:\DEV-Studio\workSpaces\gradle-multi\gradle-multi-web\build\classes\test\com\kcb\web\controller] for files matching pattern [C:/DEV-Studio/workSpaces/gradle-multi/gradle-multi-web/build/classes/test/com/kcb/web/controller/*.class]
09:58:24.475 [Test worker] DEBUG org.springframework.core.io.support.PathMatchingResourcePatternResolver - Looking for matching resources in directory tree [C:\DEV-Studio\workSpaces\gradle-multi\gradle-multi-web\build\classes\main\com\kcb\web\controller]
09:58:24.475 [Test worker] DEBUG org.springframework.core.io.support.PathMatchingResourcePatternResolver - Searching directory [C:\DEV-Studio\workSpaces\gradle-multi\gradle-multi-web\build\classes\main\com\kcb\web\controller] for files matching pattern [C:/DEV-Studio/workSpaces/gradle-multi/gradle-multi-web/build/classes/main/com/kcb/web/controller/*.class]
09:58:24.475 [Test worker] DEBUG org.springframework.core.io.support.PathMatchingResourcePatternResolver - Resolved location pattern [classpath*:com/kcb/web/controller/*.class] to resources [file [C:\DEV-Studio\workSpaces\gradle-multi\gradle-multi-web\build\classes\test\com\kcb\web\controller\Board2ControllerTest.class], file [C:\DEV-Studio\workSpaces\gradle-multi\gradle-multi-web\build\classes\main\com\kcb\web\controller\BoardController.class]]
09:58:24.531 [Test worker] DEBUG org.springframework.core.io.support.PathMatchingResourcePatternResolver - Resolved classpath location [com/kcb/web/] to resources [URL [file:/C:/DEV-Studio/workSpaces/gradle-multi/gradle-multi-web/build/classes/test/com/kcb/web/], URL [file:/C:/DEV-Studio/workSpaces/gradle-multi/gradle-multi-web/build/classes/main/com/kcb/web/]]
09:58:24.532 [Test worker] DEBUG org.springframework.core.io.support.PathMatchingResourcePatternResolver - Looking for matching resources in directory tree [C:\DEV-Studio\workSpaces\gradle-multi\gradle-multi-web\build\classes\test\com\kcb\web]
09:58:24.533 [Test worker] DEBUG org.springframework.core.io.support.PathMatchingResourcePatternResolver - Searching directory [C:\DEV-Studio\workSpaces\gradle-multi\gradle-multi-web\build\classes\test\com\kcb\web] for files matching pattern [C:/DEV-Studio/workSpaces/gradle-multi/gradle-multi-web/build/classes/test/com/kcb/web/*.class]
09:58:24.534 [Test worker] DEBUG org.springframework.core.io.support.PathMatchingResourcePatternResolver - Looking for matching resources in directory tree [C:\DEV-Studio\workSpaces\gradle-multi\gradle-multi-web\build\classes\main\com\kcb\web]
09:58:24.535 [Test worker] DEBUG org.springframework.core.io.support.PathMatchingResourcePatternResolver - Searching directory [C:\DEV-Studio\workSpaces\gradle-multi\gradle-multi-web\build\classes\main\com\kcb\web] for files matching pattern [C:/DEV-Studio/workSpaces/gradle-multi/gradle-multi-web/build/classes/main/com/kcb/web/*.class]
09:58:24.537 [Test worker] DEBUG org.springframework.core.io.support.PathMatchingResourcePatternResolver - Resolved location pattern [classpath*:com/kcb/web/*.class] to resources []
09:58:24.539 [Test worker] DEBUG org.springframework.core.io.support.PathMatchingResourcePatternResolver - Resolved classpath location [com/kcb/] to resources [URL [file:/C:/DEV-Studio/workSpaces/gradle-multi/gradle-multi-web/build/classes/test/com/kcb/], URL [file:/C:/DEV-Studio/workSpaces/gradle-multi/gradle-multi-web/build/classes/main/com/kcb/], URL [jar:file:/C:/DEV-Studio/workSpaces/gradle-multi/gradle-multi-core/build/libs/gradle-multi-core.jar!/com/kcb/]]
09:58:24.539 [Test worker] DEBUG org.springframework.core.io.support.PathMatchingResourcePatternResolver - Looking for matching resources in directory tree [C:\DEV-Studio\workSpaces\gradle-multi\gradle-multi-web\build\classes\test\com\kcb]
09:58:24.540 [Test worker] DEBUG org.springframework.core.io.support.PathMatchingResourcePatternResolver - Searching directory [C:\DEV-Studio\workSpaces\gradle-multi\gradle-multi-web\build\classes\test\com\kcb] for files matching pattern [C:/DEV-Studio/workSpaces/gradle-multi/gradle-multi-web/build/classes/test/com/kcb/*.class]
09:58:24.541 [Test worker] DEBUG org.springframework.core.io.support.PathMatchingResourcePatternResolver - Looking for matching resources in directory tree [C:\DEV-Studio\workSpaces\gradle-multi\gradle-multi-web\build\classes\main\com\kcb]
09:58:24.541 [Test worker] DEBUG org.springframework.core.io.support.PathMatchingResourcePatternResolver - Searching directory [C:\DEV-Studio\workSpaces\gradle-multi\gradle-multi-web\build\classes\main\com\kcb] for files matching pattern [C:/DEV-Studio/workSpaces/gradle-multi/gradle-multi-web/build/classes/main/com/kcb/*.class]
09:58:24.543 [Test worker] DEBUG org.springframework.core.io.support.PathMatchingResourcePatternResolver - Looking for matching resources in jar file [file:/C:/DEV-Studio/workSpaces/gradle-multi/gradle-multi-core/build/libs/gradle-multi-core.jar]
09:58:24.545 [Test worker] DEBUG org.springframework.core.io.support.PathMatchingResourcePatternResolver - Resolved location pattern [classpath*:com/kcb/*.class] to resources [file [C:\DEV-Studio\workSpaces\gradle-multi\gradle-multi-web\build\classes\main\com\kcb\Application$1.class], file [C:\DEV-Studio\workSpaces\gradle-multi\gradle-multi-web\build\classes\main\com\kcb\Application.class]]
09:58:24.616 [Test worker] DEBUG org.springframework.context.annotation.ClassPathScanningCandidateComponentProvider - Identified candidate component class: file [C:\DEV-Studio\workSpaces\gradle-multi\gradle-multi-web\build\classes\main\com\kcb\Application.class]
09:58:24.621 [Test worker] INFO org.springframework.boot.test.context.SpringBootTestContextBootstrapper - Found @SpringBootConfiguration com.kcb.Application for test class com.kcb.web.controller.Board2ControllerTest
09:58:24.627 [Test worker] DEBUG org.springframework.boot.test.context.SpringBootTestContextBootstrapper - @TestExecutionListeners is not present for class [com.kcb.web.controller.Board2ControllerTest]: using defaults.
09:58:24.634 [Test worker] INFO org.springframework.boot.test.context.SpringBootTestContextBootstrapper - Loaded default TestExecutionListener class names from location [META-INF/spring.factories]: [org.springframework.security.test.context.support.WithSecurityContextTestExecutionListener, org.springframework.boot.test.mock.mockito.MockitoTestExecutionListener, org.springframework.boot.test.mock.mockito.ResetMocksTestExecutionListener, org.springframework.boot.test.autoconfigure.restdocs.RestDocsTestExecutionListener, org.springframework.boot.test.autoconfigure.web.client.MockRestServiceServerResetTestExecutionListener, org.springframework.boot.test.autoconfigure.web.servlet.MockMvcPrintOnlyOnFailureTestExecutionListener, org.springframework.boot.test.autoconfigure.web.servlet.WebDriverTestExecutionListener, org.springframework.test.context.web.ServletTestExecutionListener, org.springframework.test.context.support.DirtiesContextBeforeModesTestExecutionListener, org.springframework.test.context.support.DependencyInjectionTestExecutionListener, org.springframework.test.context.support.DirtiesContextTestExecutionListener, org.springframework.test.context.transaction.TransactionalTestExecutionListener, org.springframework.test.context.jdbc.SqlScriptsTestExecutionListener]
09:58:24.658 [Test worker] INFO org.springframework.boot.test.context.SpringBootTestContextBootstrapper - Could not instantiate TestExecutionListener [org.springframework.test.context.jdbc.SqlScriptsTestExecutionListener]. Specify custom listener classes or make the default listener classes (and their required dependencies) available. Offending class: [org/springframework/transaction/interceptor/TransactionAttribute]
09:58:24.659 [Test worker] INFO org.springframework.boot.test.context.SpringBootTestContextBootstrapper - Could not instantiate TestExecutionListener [org.springframework.test.context.transaction.TransactionalTestExecutionListener]. Specify custom listener classes or make the default listener classes (and their required dependencies) available. Offending class: [org/springframework/transaction/interceptor/TransactionAttributeSource]
09:58:24.666 [Test worker] INFO org.springframework.boot.test.context.SpringBootTestContextBootstrapper - Using TestExecutionListeners: [org.springframework.test.context.web.ServletTestExecutionListener@5b298b18, org.springframework.test.context.support.DirtiesContextBeforeModesTestExecutionListener@69b5c53, org.springframework.boot.test.autoconfigure.SpringBootDependencyInjectionTestExecutionListener@41cbdc5f, org.springframework.test.context.support.DirtiesContextTestExecutionListener@529cb78b, org.springframework.security.test.context.support.WithSecurityContextTestExecutionListener@457a978b, org.springframework.boot.test.autoconfigure.web.client.MockRestServiceServerResetTestExecutionListener@19df22b3, org.springframework.boot.test.autoconfigure.restdocs.RestDocsTestExecutionListener@6693cf3, org.springframework.boot.test.mock.mockito.ResetMocksTestExecutionListener@317ef35a, org.springframework.boot.test.mock.mockito.MockitoTestExecutionListener@2029fc31, org.springframework.boot.test.autoconfigure.web.servlet.WebDriverTestExecutionListener@4083983d, org.springframework.boot.test.autoconfigure.web.servlet.MockMvcPrintOnlyOnFailureTestExecutionListener@f42aa7a]
09:58:24.687 [Test worker] DEBUG org.springframework.test.annotation.ProfileValueUtils - Retrieved @ProfileValueSourceConfiguration [null] for test class [com.kcb.web.controller.Board2ControllerTest]
09:58:24.689 [Test worker] DEBUG org.springframework.test.annotation.ProfileValueUtils - Retrieved ProfileValueSource type [class org.springframework.test.annotation.SystemProfileValueSource] for class [com.kcb.web.controller.Board2ControllerTest]
09:58:24.691 [Test worker] DEBUG org.springframework.test.annotation.ProfileValueUtils - Retrieved @ProfileValueSourceConfiguration [null] for test class [com.kcb.web.controller.Board2ControllerTest]
09:58:24.691 [Test worker] DEBUG org.springframework.test.annotation.ProfileValueUtils - Retrieved ProfileValueSource type [class org.springframework.test.annotation.SystemProfileValueSource] for class [com.kcb.web.controller.Board2ControllerTest]
09:58:24.702 [Test worker] DEBUG org.springframework.test.context.support.AbstractDirtiesContextTestExecutionListener - Before test class: context [DefaultTestContext@302782db testClass = Board2ControllerTest, testInstance = [null], testMethod = [null], testException = [null], mergedContextConfiguration = [WebMergedContextConfiguration@9aab053 testClass = Board2ControllerTest, locations = '{}', classes = '{class com.kcb.Application}', contextInitializerClasses = '[]', activeProfiles = '{}', propertySourceLocations = '{}', propertySourceProperties = '{org.springframework.boot.test.context.SpringBootTestContextBootstrapper=true}', contextCustomizers = set[org.springframework.boot.test.context.SpringBootTestContextCustomizer@2d4011de, org.springframework.boot.test.context.filter.ExcludeFilterContextCustomizer@7497559b, org.springframework.boot.test.json.DuplicateJsonObjectContextCustomizerFactory$DuplicateJsonObjectContextCustomizer@42ba763f, org.springframework.boot.test.mock.mockito.MockitoContextCustomizer@0, org.springframework.boot.test.autoconfigure.properties.PropertyMappingContextCustomizer@0, org.springframework.boot.test.autoconfigure.web.servlet.WebDriverContextCustomizerFactory$Customizer@2f61d225], resourceBasePath = 'src/main/webapp', contextLoader = 'org.springframework.boot.test.context.SpringBootContextLoader', parent = [null]]], class annotated with @DirtiesContext [false] with mode [null].
09:58:24.703 [Test worker] DEBUG org.springframework.test.annotation.ProfileValueUtils - Retrieved @ProfileValueSourceConfiguration [null] for test class [com.kcb.web.controller.Board2ControllerTest]
09:58:24.704 [Test worker] DEBUG org.springframework.test.annotation.ProfileValueUtils - Retrieved ProfileValueSource type [class org.springframework.test.annotation.SystemProfileValueSource] for class [com.kcb.web.controller.Board2ControllerTest]
09:58:24.847 [Test worker] DEBUG org.springframework.core.env.StandardEnvironment - Adding [systemProperties] PropertySource with lowest search precedence
09:58:24.848 [Test worker] DEBUG org.springframework.core.env.StandardEnvironment - Adding [systemEnvironment] PropertySource with lowest search precedence
09:58:24.850 [Test worker] DEBUG org.springframework.core.env.StandardEnvironment - Initialized StandardEnvironment with PropertySources [systemProperties,systemEnvironment]
09:58:24.854 [Test worker] DEBUG org.springframework.core.env.MutablePropertySources - Adding [inline] PropertySource with highest search precedence
09:58:24.868 [Test worker] DEBUG org.springframework.test.context.support.TestPropertySourceUtils - Adding inlined properties to environment: {spring.jmx.enabled=false, org.springframework.boot.test.context.SpringBootTestContextBootstrapper=true, server.port=-1}
09:58:24.870 [Test worker] DEBUG org.springframework.core.env.StandardEnvironment - Adding [Inlined Test Properties] PropertySource with highest search precedence

  .   ____          _            __ _ _
 /\\ / ___'_ __ _ _(_)_ __  __ _ \ \ \ \
( ( )\___ | '_ | '_| | '_ \/ _` | \ \ \ \
 \\/  ___)| |_)| | | | | || (_| |  ) ) ) )
  '  |____| .__|_| |_|_| |_\__, | / / / /
 =========|_|==============|___/=/_/_/_/
 :: Spring Boot ::        (v1.5.6.RELEASE)

2017-12-15 09:58:25.733  INFO 7540 --- [    Test worker] c.k.web.controller.Board2ControllerTest  : Starting Board2ControllerTest on VI117012-001 with PID 7540 (started by O117012 in C:\DEV-Studio\workSpaces\gradle-multi\gradle-multi-web)
2017-12-15 09:58:25.735  INFO 7540 --- [    Test worker] c.k.web.controller.Board2ControllerTest  : The following profiles are active: dev
2017-12-15 09:58:25.816  INFO 7540 --- [    Test worker] o.s.w.c.s.GenericWebApplicationContext   : Refreshing org.springframework.web.context.support.GenericWebApplicationContext@14ddef25: startup date [Fri Dec 15 09:58:25 KST 2017]; root of context hierarchy
2017-12-15 09:58:30.139  INFO 7540 --- [    Test worker] s.w.s.m.m.a.RequestMappingHandlerAdapter : Looking for @ControllerAdvice: org.springframework.web.context.support.GenericWebApplicationContext@14ddef25: startup date [Fri Dec 15 09:58:25 KST 2017]; root of context hierarchy
2017-12-15 09:58:30.274  INFO 7540 --- [    Test worker] s.w.s.m.m.a.RequestMappingHandlerMapping : Mapped "{[/jsp3]}" onto public java.lang.String com.kcb.web.controller.BoardController.jspPage3(org.springframework.ui.Model)
2017-12-15 09:58:30.274  INFO 7540 --- [    Test worker] s.w.s.m.m.a.RequestMappingHandlerMapping : Mapped "{[/]}" onto public java.lang.String com.kcb.web.controller.BoardController.toHome()
2017-12-15 09:58:30.274  INFO 7540 --- [    Test worker] s.w.s.m.m.a.RequestMappingHandlerMapping : Mapped "{[/jsp2]}" onto public java.lang.String com.kcb.web.controller.BoardController.jspPage2(org.springframework.ui.Model)
2017-12-15 09:58:30.274  INFO 7540 --- [    Test worker] s.w.s.m.m.a.RequestMappingHandlerMapping : Mapped "{[/jsp]}" onto public java.lang.String com.kcb.web.controller.BoardController.jspPage(org.springframework.ui.Model)
2017-12-15 09:58:30.274  INFO 7540 --- [    Test worker] s.w.s.m.m.a.RequestMappingHandlerMapping : Mapped "{[/error]}" onto public org.springframework.http.ResponseEntity<java.util.Map<java.lang.String, java.lang.Object>> org.springframework.boot.autoconfigure.web.BasicErrorController.error(javax.servlet.http.HttpServletRequest)
2017-12-15 09:58:30.274  INFO 7540 --- [    Test worker] s.w.s.m.m.a.RequestMappingHandlerMapping : Mapped "{[/error],produces=[text/html]}" onto public org.springframework.web.servlet.ModelAndView org.springframework.boot.autoconfigure.web.BasicErrorController.errorHtml(javax.servlet.http.HttpServletRequest,javax.servlet.http.HttpServletResponse)
2017-12-15 09:58:30.363  INFO 7540 --- [    Test worker] o.s.w.s.handler.SimpleUrlHandlerMapping  : Mapped URL path [/webjars/**] onto handler of type [class org.springframework.web.servlet.resource.ResourceHttpRequestHandler]
2017-12-15 09:58:30.364  INFO 7540 --- [    Test worker] o.s.w.s.handler.SimpleUrlHandlerMapping  : Mapped URL path [/**] onto handler of type [class org.springframework.web.servlet.resource.ResourceHttpRequestHandler]
2017-12-15 09:58:30.439  INFO 7540 --- [    Test worker] o.s.w.s.handler.SimpleUrlHandlerMapping  : Mapped URL path [/**/favicon.ico] onto handler of type [class org.springframework.web.servlet.resource.ResourceHttpRequestHandler]
2017-12-15 09:58:30.954  INFO 7540 --- [    Test worker] b.a.s.AuthenticationManagerConfiguration : 

Using default security password: 6a14280d-9093-42d3-ad9f-f380e41138ad

2017-12-15 09:58:31.089  INFO 7540 --- [    Test worker] o.s.s.web.DefaultSecurityFilterChain     : Creating filter chain: OrRequestMatcher [requestMatchers=[Ant [pattern='/css/**'], Ant [pattern='/js/**'], Ant [pattern='/images/**'], Ant [pattern='/webjars/**'], Ant [pattern='/**/favicon.ico'], Ant [pattern='/error']]], []
2017-12-15 09:58:31.237  INFO 7540 --- [    Test worker] o.s.s.web.DefaultSecurityFilterChain     : Creating filter chain: org.springframework.boot.autoconfigure.security.SpringBootWebSecurityConfiguration$ApplicationNoWebSecurityConfigurerAdapter$1@127b9b5a, [org.springframework.security.web.context.request.async.WebAsyncManagerIntegrationFilter@1028054d, org.springframework.security.web.context.SecurityContextPersistenceFilter@163a1e7a, org.springframework.security.web.header.HeaderWriterFilter@5cf4b021, org.springframework.security.web.csrf.CsrfFilter@5fbb7569, org.springframework.security.web.authentication.logout.LogoutFilter@4afbe4b7, org.springframework.security.web.savedrequest.RequestCacheAwareFilter@3415fc13, org.springframework.security.web.servletapi.SecurityContextHolderAwareRequestFilter@6b6869b7, org.springframework.security.web.authentication.AnonymousAuthenticationFilter@56385a3, org.springframework.security.web.session.SessionManagementFilter@21533fa3, org.springframework.security.web.access.ExceptionTranslationFilter@6e13231e]
2017-12-15 09:58:31.546  INFO 7540 --- [    Test worker] c.k.web.controller.Board2ControllerTest  : Started Board2ControllerTest in 6.654 seconds (JVM running for 8.471)
title = kcb-title
content = kcb test board
it is contents...
]]></system-out>
  <system-err><![CDATA[]]></system-err>
</testsuite>
